<?xml version="1.0" encoding="UTF-8"?>
<testsuite name="com.example.operator.CategorySummaryOperatorTest" tests="1" skipped="0" failures="0" errors="0" timestamp="2015-11-17T05:59:51" hostname="snowmoon-polarbear-no-MacBook-Air.local" time="0.045">
  <properties/>
  <testcase name="selectAvailableItem" classname="com.example.operator.CategorySummaryOperatorTest" time="0.045"/>
  <system-out><![CDATA[]]></system-out>
  <system-err><![CDATA[]]></system-err>
</testsuite>
